<?xml version="1.0" encoding="UTF-8" ?>
<testsuite failures="0" time="3.755" errors="3" skipped="0" tests="3" name="com.lrajeew.rest.regression.attendees.AttendeesPutAPITest">
  <properties>
    <property name="java.runtime.name" value="Java(TM) SE Runtime Environment"/>
    <property name="sun.boot.library.path" value="C:\Program Files\Java\jdk1.7.0_65\jre\bin"/>
    <property name="java.vm.version" value="24.65-b04"/>
    <property name="java.vm.vendor" value="Oracle Corporation"/>
    <property name="java.vendor.url" value="http://java.oracle.com/"/>
    <property name="path.separator" value=";"/>
    <property name="guice.disable.misplaced.annotation.check" value="true"/>
    <property name="java.vm.name" value="Java HotSpot(TM) 64-Bit Server VM"/>
    <property name="file.encoding.pkg" value="sun.io"/>
    <property name="user.script" value=""/>
    <property name="user.country" value="US"/>
    <property name="sun.java.launcher" value="SUN_STANDARD"/>
    <property name="sun.os.patch.level" value="Service Pack 1"/>
    <property name="java.vm.specification.name" value="Java Virtual Machine Specification"/>
    <property name="user.dir" value="C:\OfficeWork\RnD\Automation\RestAPITest"/>
    <property name="java.runtime.version" value="1.7.0_65-b19"/>
    <property name="java.awt.graphicsenv" value="sun.awt.Win32GraphicsEnvironment"/>
    <property name="java.endorsed.dirs" value="C:\Program Files\Java\jdk1.7.0_65\jre\lib\endorsed"/>
    <property name="os.arch" value="amd64"/>
    <property name="java.io.tmpdir" value="C:\Users\lananda\AppData\Local\Temp\"/>
    <property name="line.separator" value="
"/>
    <property name="java.vm.specification.vendor" value="Oracle Corporation"/>
    <property name="user.variant" value=""/>
    <property name="os.name" value="Windows 7"/>
    <property name="classworlds.conf" value="C:\maven\bin\m2.conf"/>
    <property name="sun.jnu.encoding" value="Cp1252"/>
    <property name="java.library.path" value="C:\Program Files\Java\jdk1.7.0_65\bin;C:\Windows\Sun\Java\bin;C:\Windows\system32;C:\Windows;C:\Program Files (x86)\Intel\iCLS Client\;C:\Program Files\Intel\iCLS Client\;C:\Windows\system32;C:\Windows;C:\Windows\System32\Wbem;C:\Windows\System32\WindowsPowerShell\v1.0\;C:\Program Files (x86)\Intel\OpenCL SDK\3.0\bin\x86;C:\Program Files (x86)\Intel\OpenCL SDK\3.0\bin\x64;C:\Program Files\Intel\WiFi\bin\;C:\Program Files\Common Files\Intel\WirelessCommon\;C:\ProgramData\chocolatey\bin;C:\Program Files (x86)\Git\cmd;C:\Program Files (x86)\Git\cmd;C:\maven\bin;C:\code\gtnexus\tools\bin;C:\OfficeWork\RnD\CodeQualityTools\sonar-runner-2.4\bin;C:\Program Files\Intel\Intel(R) Management Engine Components\DAL;C:\Program Files\Intel\Intel(R) Management Engine Components\IPT;C:\Program Files (x86)\Intel\Intel(R) Management Engine Components\DAL;C:\Program Files (x86)\Intel\Intel(R) Management Engine Components\IPT;."/>
    <property name="java.specification.name" value="Java Platform API Specification"/>
    <property name="java.class.version" value="51.0"/>
    <property name="sun.management.compiler" value="HotSpot 64-Bit Tiered Compilers"/>
    <property name="os.version" value="6.1"/>
    <property name="user.home" value="C:\Users\lananda"/>
    <property name="user.timezone" value="Asia/Colombo"/>
    <property name="java.awt.printerjob" value="sun.awt.windows.WPrinterJob"/>
    <property name="java.specification.version" value="1.7"/>
    <property name="file.encoding" value="Cp1252"/>
    <property name="user.name" value="lananda"/>
    <property name="java.class.path" value="C:\maven\boot\plexus-classworlds-2.5.1.jar"/>
    <property name="org.slf4j.simpleLogger.defaultLogLevel" value="info"/>
    <property name="java.vm.specification.version" value="1.7"/>
    <property name="sun.arch.data.model" value="64"/>
    <property name="java.home" value="C:\Program Files\Java\jdk1.7.0_65\jre"/>
    <property name="sun.java.command" value="org.codehaus.plexus.classworlds.launcher.Launcher test"/>
    <property name="java.specification.vendor" value="Oracle Corporation"/>
    <property name="user.language" value="en"/>
    <property name="awt.toolkit" value="sun.awt.windows.WToolkit"/>
    <property name="java.vm.info" value="mixed mode"/>
    <property name="java.version" value="1.7.0_65"/>
    <property name="java.ext.dirs" value="C:\Program Files\Java\jdk1.7.0_65\jre\lib\ext;C:\Windows\Sun\Java\lib\ext"/>
    <property name="sun.boot.class.path" value="C:\Program Files\Java\jdk1.7.0_65\jre\lib\resources.jar;C:\Program Files\Java\jdk1.7.0_65\jre\lib\rt.jar;C:\Program Files\Java\jdk1.7.0_65\jre\lib\sunrsasign.jar;C:\Program Files\Java\jdk1.7.0_65\jre\lib\jsse.jar;C:\Program Files\Java\jdk1.7.0_65\jre\lib\jce.jar;C:\Program Files\Java\jdk1.7.0_65\jre\lib\charsets.jar;C:\Program Files\Java\jdk1.7.0_65\jre\lib\jfr.jar;C:\Program Files\Java\jdk1.7.0_65\jre\classes"/>
    <property name="java.vendor" value="Oracle Corporation"/>
    <property name="maven.home" value="C:\maven"/>
    <property name="file.separator" value="\"/>
    <property name="java.vendor.url.bug" value="http://bugreport.sun.com/bugreport/"/>
    <property name="sun.cpu.endian" value="little"/>
    <property name="sun.io.unicode.encoding" value="UnicodeLittle"/>
    <property name="sun.desktop" value="windows"/>
    <property name="sun.cpu.isalist" value="amd64"/>
  </properties>
  <testcase time="0.784" classname="com.lrajeew.rest.regression.attendees.AttendeesPutAPITest" name="testDefultResponse">
    <error message="Unrecognized field &quot;error&quot; (Class com.lrajeew.model.AuthenticationResponseVO), not marked as ignorable
 at [Source: java.io.StringReader@1aee419f; line: 1, column: 11] (through reference chain: com.lrajeew.model.AuthenticationResponseVO[&quot;error&quot;])" type="java.io.IOException">java.io.IOException: Unrecognized field &quot;error&quot; (Class com.lrajeew.model.AuthenticationResponseVO), not marked as ignorable
 at [Source: java.io.StringReader@1aee419f; line: 1, column: 11] (through reference chain: com.lrajeew.model.AuthenticationResponseVO[&quot;error&quot;])
	at com.lrajeew.api.Authenticator.userAuthenticate(Authenticator.java:96)
	at com.lrajeew.api.attendee.AttendeesPutAPI.query(AttendeesPutAPI.java:41)
	at com.lrajeew.api.BaseAPI.queryDefaultResponse(BaseAPI.java:19)
	at com.lrajeew.rest.regression.attendees.AttendeesPutAPITest.testDefultResponse(AttendeesPutAPITest.java:58)
	at sun.reflect.NativeMethodAccessorImpl.invoke0(Native Method)
	at sun.reflect.NativeMethodAccessorImpl.invoke(NativeMethodAccessorImpl.java:57)
	at sun.reflect.DelegatingMethodAccessorImpl.invoke(DelegatingMethodAccessorImpl.java:43)
	at java.lang.reflect.Method.invoke(Method.java:606)
	at org.junit.internal.runners.TestMethod.invoke(TestMethod.java:59)
	at org.junit.internal.runners.MethodRoadie.runTestMethod(MethodRoadie.java:98)
	at org.junit.internal.runners.MethodRoadie$2.run(MethodRoadie.java:79)
	at org.junit.internal.runners.MethodRoadie.runBeforesThenTestThenAfters(MethodRoadie.java:87)
	at org.junit.internal.runners.MethodRoadie.runTest(MethodRoadie.java:77)
	at org.junit.internal.runners.MethodRoadie.run(MethodRoadie.java:42)
	at org.junit.internal.runners.JUnit4ClassRunner.invokeTestMethod(JUnit4ClassRunner.java:88)
	at org.junit.internal.runners.JUnit4ClassRunner.runMethods(JUnit4ClassRunner.java:51)
	at org.junit.internal.runners.JUnit4ClassRunner$1.run(JUnit4ClassRunner.java:44)
	at org.junit.internal.runners.ClassRoadie.runUnprotected(ClassRoadie.java:27)
	at org.junit.internal.runners.ClassRoadie.runProtected(ClassRoadie.java:37)
	at org.junit.internal.runners.JUnit4ClassRunner.run(JUnit4ClassRunner.java:42)
	at org.apache.maven.surefire.junit4.JUnit4Provider.execute(JUnit4Provider.java:252)
	at org.apache.maven.surefire.junit4.JUnit4Provider.executeTestSet(JUnit4Provider.java:141)
	at org.apache.maven.surefire.junit4.JUnit4Provider.invoke(JUnit4Provider.java:112)
	at sun.reflect.NativeMethodAccessorImpl.invoke0(Native Method)
	at sun.reflect.NativeMethodAccessorImpl.invoke(NativeMethodAccessorImpl.java:57)
	at sun.reflect.DelegatingMethodAccessorImpl.invoke(DelegatingMethodAccessorImpl.java:43)
	at java.lang.reflect.Method.invoke(Method.java:606)
	at org.apache.maven.surefire.util.ReflectionUtils.invokeMethodWithArray(ReflectionUtils.java:189)
	at org.apache.maven.surefire.booter.ProviderFactory$ProviderProxy.invoke(ProviderFactory.java:165)
	at org.apache.maven.surefire.booter.ProviderFactory.invokeProvider(ProviderFactory.java:85)
	at org.apache.maven.surefire.booter.ForkedBooter.runSuitesInProcess(ForkedBooter.java:115)
	at org.apache.maven.surefire.booter.ForkedBooter.main(ForkedBooter.java:75)
</error>
    <system-out>31406 [main] INFO  com.lrajeew.api.Authenticator  - Start Authentication Process
31470 [main] INFO  com.lrajeew.api.Authenticator  - http://dev.mob.vivastream.com/oauth/token?client_secret=supersecret&amp;client_id=vs-client&amp;grant_type=password&amp;username=lahirua@live.com&amp;password=vivastream&amp;
class com.lrajeew.model.AuthenticationResponseVO
32216 [main] ERROR com.lrajeew.api.Authenticator  - Exception occured : Unrecognized field &quot;error&quot; (Class com.lrajeew.model.AuthenticationResponseVO), not marked as ignorable
 at [Source: java.io.StringReader@1aee419f; line: 1, column: 11] (through reference chain: com.lrajeew.model.AuthenticationResponseVO[&quot;error&quot;])
</system-out>
  </testcase>
  <testcase time="0.81" classname="com.lrajeew.rest.regression.attendees.AttendeesPutAPITest" name="testLiteResponse">
    <error message="Unrecognized field &quot;error&quot; (Class com.lrajeew.model.AuthenticationResponseVO), not marked as ignorable
 at [Source: java.io.StringReader@90244fc; line: 1, column: 11] (through reference chain: com.lrajeew.model.AuthenticationResponseVO[&quot;error&quot;])" type="java.io.IOException">java.io.IOException: Unrecognized field &quot;error&quot; (Class com.lrajeew.model.AuthenticationResponseVO), not marked as ignorable
 at [Source: java.io.StringReader@90244fc; line: 1, column: 11] (through reference chain: com.lrajeew.model.AuthenticationResponseVO[&quot;error&quot;])
	at com.lrajeew.api.Authenticator.userAuthenticate(Authenticator.java:96)
	at com.lrajeew.api.attendee.AttendeesPutAPI.query(AttendeesPutAPI.java:41)
	at com.lrajeew.api.BaseAPI.queryLiteResponse(BaseAPI.java:24)
	at com.lrajeew.rest.regression.attendees.AttendeesPutAPITest.testLiteResponse(AttendeesPutAPITest.java:64)
	at sun.reflect.NativeMethodAccessorImpl.invoke0(Native Method)
	at sun.reflect.NativeMethodAccessorImpl.invoke(NativeMethodAccessorImpl.java:57)
	at sun.reflect.DelegatingMethodAccessorImpl.invoke(DelegatingMethodAccessorImpl.java:43)
	at java.lang.reflect.Method.invoke(Method.java:606)
	at org.junit.internal.runners.TestMethod.invoke(TestMethod.java:59)
	at org.junit.internal.runners.MethodRoadie.runTestMethod(MethodRoadie.java:98)
	at org.junit.internal.runners.MethodRoadie$2.run(MethodRoadie.java:79)
	at org.junit.internal.runners.MethodRoadie.runBeforesThenTestThenAfters(MethodRoadie.java:87)
	at org.junit.internal.runners.MethodRoadie.runTest(MethodRoadie.java:77)
	at org.junit.internal.runners.MethodRoadie.run(MethodRoadie.java:42)
	at org.junit.internal.runners.JUnit4ClassRunner.invokeTestMethod(JUnit4ClassRunner.java:88)
	at org.junit.internal.runners.JUnit4ClassRunner.runMethods(JUnit4ClassRunner.java:51)
	at org.junit.internal.runners.JUnit4ClassRunner$1.run(JUnit4ClassRunner.java:44)
	at org.junit.internal.runners.ClassRoadie.runUnprotected(ClassRoadie.java:27)
	at org.junit.internal.runners.ClassRoadie.runProtected(ClassRoadie.java:37)
	at org.junit.internal.runners.JUnit4ClassRunner.run(JUnit4ClassRunner.java:42)
	at org.apache.maven.surefire.junit4.JUnit4Provider.execute(JUnit4Provider.java:252)
	at org.apache.maven.surefire.junit4.JUnit4Provider.executeTestSet(JUnit4Provider.java:141)
	at org.apache.maven.surefire.junit4.JUnit4Provider.invoke(JUnit4Provider.java:112)
	at sun.reflect.NativeMethodAccessorImpl.invoke0(Native Method)
	at sun.reflect.NativeMethodAccessorImpl.invoke(NativeMethodAccessorImpl.java:57)
	at sun.reflect.DelegatingMethodAccessorImpl.invoke(DelegatingMethodAccessorImpl.java:43)
	at java.lang.reflect.Method.invoke(Method.java:606)
	at org.apache.maven.surefire.util.ReflectionUtils.invokeMethodWithArray(ReflectionUtils.java:189)
	at org.apache.maven.surefire.booter.ProviderFactory$ProviderProxy.invoke(ProviderFactory.java:165)
	at org.apache.maven.surefire.booter.ProviderFactory.invokeProvider(ProviderFactory.java:85)
	at org.apache.maven.surefire.booter.ForkedBooter.runSuitesInProcess(ForkedBooter.java:115)
	at org.apache.maven.surefire.booter.ForkedBooter.main(ForkedBooter.java:75)
</error>
    <system-out>32219 [main] INFO  com.lrajeew.api.Authenticator  - Start Authentication Process
32260 [main] INFO  com.lrajeew.api.Authenticator  - http://dev.mob.vivastream.com/oauth/token?client_secret=supersecret&amp;client_id=vs-client&amp;grant_type=password&amp;username=lahirua@live.com&amp;password=vivastream&amp;
class com.lrajeew.model.AuthenticationResponseVO
33035 [main] ERROR com.lrajeew.api.Authenticator  - Exception occured : Unrecognized field &quot;error&quot; (Class com.lrajeew.model.AuthenticationResponseVO), not marked as ignorable
 at [Source: java.io.StringReader@90244fc; line: 1, column: 11] (through reference chain: com.lrajeew.model.AuthenticationResponseVO[&quot;error&quot;])
</system-out>
  </testcase>
  <testcase time="2.161" classname="com.lrajeew.rest.regression.attendees.AttendeesPutAPITest" name="testFullResponse">
    <error message="Unrecognized field &quot;error&quot; (Class com.lrajeew.model.AuthenticationResponseVO), not marked as ignorable
 at [Source: java.io.StringReader@384ee98f; line: 1, column: 11] (through reference chain: com.lrajeew.model.AuthenticationResponseVO[&quot;error&quot;])" type="java.io.IOException">java.io.IOException: Unrecognized field &quot;error&quot; (Class com.lrajeew.model.AuthenticationResponseVO), not marked as ignorable
 at [Source: java.io.StringReader@384ee98f; line: 1, column: 11] (through reference chain: com.lrajeew.model.AuthenticationResponseVO[&quot;error&quot;])
	at com.lrajeew.api.Authenticator.userAuthenticate(Authenticator.java:96)
	at com.lrajeew.api.attendee.AttendeesPutAPI.query(AttendeesPutAPI.java:41)
	at com.lrajeew.api.BaseAPI.queryFullResponse(BaseAPI.java:29)
	at com.lrajeew.rest.regression.attendees.AttendeesPutAPITest.testFullResponse(AttendeesPutAPITest.java:69)
	at sun.reflect.NativeMethodAccessorImpl.invoke0(Native Method)
	at sun.reflect.NativeMethodAccessorImpl.invoke(NativeMethodAccessorImpl.java:57)
	at sun.reflect.DelegatingMethodAccessorImpl.invoke(DelegatingMethodAccessorImpl.java:43)
	at java.lang.reflect.Method.invoke(Method.java:606)
	at org.junit.internal.runners.TestMethod.invoke(TestMethod.java:59)
	at org.junit.internal.runners.MethodRoadie.runTestMethod(MethodRoadie.java:98)
	at org.junit.internal.runners.MethodRoadie$2.run(MethodRoadie.java:79)
	at org.junit.internal.runners.MethodRoadie.runBeforesThenTestThenAfters(MethodRoadie.java:87)
	at org.junit.internal.runners.MethodRoadie.runTest(MethodRoadie.java:77)
	at org.junit.internal.runners.MethodRoadie.run(MethodRoadie.java:42)
	at org.junit.internal.runners.JUnit4ClassRunner.invokeTestMethod(JUnit4ClassRunner.java:88)
	at org.junit.internal.runners.JUnit4ClassRunner.runMethods(JUnit4ClassRunner.java:51)
	at org.junit.internal.runners.JUnit4ClassRunner$1.run(JUnit4ClassRunner.java:44)
	at org.junit.internal.runners.ClassRoadie.runUnprotected(ClassRoadie.java:27)
	at org.junit.internal.runners.ClassRoadie.runProtected(ClassRoadie.java:37)
	at org.junit.internal.runners.JUnit4ClassRunner.run(JUnit4ClassRunner.java:42)
	at org.apache.maven.surefire.junit4.JUnit4Provider.execute(JUnit4Provider.java:252)
	at org.apache.maven.surefire.junit4.JUnit4Provider.executeTestSet(JUnit4Provider.java:141)
	at org.apache.maven.surefire.junit4.JUnit4Provider.invoke(JUnit4Provider.java:112)
	at sun.reflect.NativeMethodAccessorImpl.invoke0(Native Method)
	at sun.reflect.NativeMethodAccessorImpl.invoke(NativeMethodAccessorImpl.java:57)
	at sun.reflect.DelegatingMethodAccessorImpl.invoke(DelegatingMethodAccessorImpl.java:43)
	at java.lang.reflect.Method.invoke(Method.java:606)
	at org.apache.maven.surefire.util.ReflectionUtils.invokeMethodWithArray(ReflectionUtils.java:189)
	at org.apache.maven.surefire.booter.ProviderFactory$ProviderProxy.invoke(ProviderFactory.java:165)
	at org.apache.maven.surefire.booter.ProviderFactory.invokeProvider(ProviderFactory.java:85)
	at org.apache.maven.surefire.booter.ForkedBooter.runSuitesInProcess(ForkedBooter.java:115)
	at org.apache.maven.surefire.booter.ForkedBooter.main(ForkedBooter.java:75)
</error>
    <system-out>33039 [main] INFO  com.lrajeew.api.Authenticator  - Start Authentication Process
33066 [main] INFO  com.lrajeew.api.Authenticator  - http://dev.mob.vivastream.com/oauth/token?client_secret=supersecret&amp;client_id=vs-client&amp;grant_type=password&amp;username=lahirua@live.com&amp;password=vivastream&amp;
class com.lrajeew.model.AuthenticationResponseVO
35186 [main] ERROR com.lrajeew.api.Authenticator  - Exception occured : Unrecognized field &quot;error&quot; (Class com.lrajeew.model.AuthenticationResponseVO), not marked as ignorable
 at [Source: java.io.StringReader@384ee98f; line: 1, column: 11] (through reference chain: com.lrajeew.model.AuthenticationResponseVO[&quot;error&quot;])
</system-out>
  </testcase>
</testsuite>