<?xml version="1.0" encoding="UTF-8" ?>
<testsuite failures="0" time="3.755" errors="3" skipped="0" tests="3" name="com.lrajeew.rest.regression.attendees.AttendeesPutAPITest">
  <properties>
[...]
</properties>
  <testcase time="0.784" classname="com.lrajeew.rest.regression.attendees.AttendeesPutAPITest" name="testDefultResponse">
    <error message="Unrecognized field &quot;error&quot; (Class com.lrajeew.model.AuthenticationResponseVO), not marked as ignorable
 at [Source: java.io.StringReader@1aee419f; line: 1, column: 11] (through reference chain: com.lrajeew.model.AuthenticationResponseVO[&quot;error&quot;])" type="java.io.IOException">java.io.IOException: Unrecognized field &quot;error&quot; (Class com.lrajeew.model.AuthenticationResponseVO), not marked as ignorable
 at [Source: java.io.StringReader@1aee419f; line: 1, column: 11] (through reference chain: com.lrajeew.model.AuthenticationResponseVO[&quot;error&quot;])
	at com.lrajeew.api.Authenticator.userAuthenticate(Authenticator.java:96)
	at com.lrajeew.api.attendee.AttendeesPutAPI.query(AttendeesPutAPI.java:41)
	at com.lrajeew.api.BaseAPI.queryDefaultResponse(BaseAPI.java:19)
	at com.lrajeew.rest.regression.attendees.AttendeesPutAPITest.testDefultResponse(AttendeesPutAPITest.java:58)
	at sun.reflect.NativeMethodAccessorImpl.invoke0(Native Method)
	at sun.reflect.NativeMethodAccessorImpl.invoke(NativeMethodAccessorImpl.java:57)
	at sun.reflect.DelegatingMethodAccessorImpl.invoke(DelegatingMethodAccessorImpl.java:43)
	at java.lang.reflect.Method.invoke(Method.java:606)
	at org.junit.internal.runners.TestMethod.invoke(TestMethod.java:59)
	at org.junit.internal.runners.MethodRoadie.runTestMethod(MethodRoadie.java:98)
	at org.junit.internal.runners.MethodRoadie$2.run(MethodRoadie.java:79)
	at org.junit.internal.runners.MethodRoadie.runBeforesThenTestThenAfters(MethodRoadie.java:87)
	at org.junit.internal.runners.MethodRoadie.runTest(MethodRoadie.java:77)
	at org.junit.internal.runners.MethodRoadie.run(MethodRoadie.java:42)
	at org.junit.internal.runners.JUnit4ClassRunner.invokeTestMethod(JUnit4ClassRunner.java:88)
	at org.junit.internal.runners.JUnit4ClassRunner.runMethods(JUnit4ClassRunner.java:51)
	at org.junit.internal.runners.JUnit4ClassRunner$1.run(JUnit4ClassRunner.java:44)
	at org.junit.internal.runners.ClassRoadie.runUnprotected(ClassRoadie.java:27)
	at org.junit.internal.runners.ClassRoadie.runProtected(ClassRoadie.java:37)
	at org.junit.internal.runners.JUnit4ClassRunner.run(JUnit4ClassRunner.java:42)
	at org.apache.maven.surefire.junit4.JUnit4Provider.execute(JUnit4Provider.java:252)
	at org.apache.maven.surefire.junit4.JUnit4Provider.executeTestSet(JUnit4Provider.java:141)
	at org.apache.maven.surefire.junit4.JUnit4Provider.invoke(JUnit4Provider.java:112)
	at sun.reflect.NativeMethodAccessorImpl.invoke0(Native Method)
	at sun.reflect.NativeMethodAccessorImpl.invoke(NativeMethodAccessorImpl.java:57)
	at sun.reflect.DelegatingMethodAccessorImpl.invoke(DelegatingMethodAccessorImpl.java:43)
	at java.lang.reflect.Method.invoke(Method.java:606)
	at org.apache.maven.surefire.util.ReflectionUtils.invokeMethodWithArray(ReflectionUtils.java:189)
	at org.apache.maven.surefire.booter.ProviderFactory$ProviderProxy.invoke(ProviderFactory.java:165)
	at org.apache.maven.surefire.booter.ProviderFactory.invokeProvider(ProviderFactory.java:85)
	at org.apache.maven.surefire.booter.ForkedBooter.runSuitesInProcess(ForkedBooter.java:115)
	at org.apache.maven.surefire.booter.ForkedBooter.main(ForkedBooter.java:75)
</error>
    <system-out>31406 [main] INFO  com.lrajeew.api.Authenticator  - Start Authentication Process
31470 [main] INFO  com.lrajeew.api.Authenticator  - http://dev.mob.vivastream.com/oauth/token?client_secret=supersecret&amp;client_id=vs-client&amp;grant_type=password&amp;username=lahirua@live.com&amp;password=vivastream&amp;
class com.lrajeew.model.AuthenticationResponseVO
32216 [main] ERROR com.lrajeew.api.Authenticator  - Exception occured : Unrecognized field &quot;error&quot; (Class com.lrajeew.model.AuthenticationResponseVO), not marked as ignorable
 at [Source: java.io.StringReader@1aee419f; line: 1, column: 11] (through reference chain: com.lrajeew.model.AuthenticationResponseVO[&quot;error&quot;])
</system-out>
  </testcase>
  <testcase time="0.81" classname="com.lrajeew.rest.regression.attendees.AttendeesPutAPITest" name="testLiteResponse">
    <error message="Unrecognized field &quot;error&quot; (Class com.lrajeew.model.AuthenticationResponseVO), not marked as ignorable
 at [Source: java.io.StringReader@90244fc; line: 1, column: 11] (through reference chain: com.lrajeew.model.AuthenticationResponseVO[&quot;error&quot;])" type="java.io.IOException">java.io.IOException: Unrecognized field &quot;error&quot; (Class com.lrajeew.model.AuthenticationResponseVO), not marked as ignorable
 at [Source: java.io.StringReader@90244fc; line: 1, column: 11] (through reference chain: com.lrajeew.model.AuthenticationResponseVO[&quot;error&quot;])
	at com.lrajeew.api.Authenticator.userAuthenticate(Authenticator.java:96)
	at com.lrajeew.api.attendee.AttendeesPutAPI.query(AttendeesPutAPI.java:41)
	at com.lrajeew.api.BaseAPI.queryLiteResponse(BaseAPI.java:24)
	at com.lrajeew.rest.regression.attendees.AttendeesPutAPITest.testLiteResponse(AttendeesPutAPITest.java:64)
	at sun.reflect.NativeMethodAccessorImpl.invoke0(Native Method)
	at sun.reflect.NativeMethodAccessorImpl.invoke(NativeMethodAccessorImpl.java:57)
	at sun.reflect.DelegatingMethodAccessorImpl.invoke(DelegatingMethodAccessorImpl.java:43)
	at java.lang.reflect.Method.invoke(Method.java:606)
	at org.junit.internal.runners.TestMethod.invoke(TestMethod.java:59)
	at org.junit.internal.runners.MethodRoadie.runTestMethod(MethodRoadie.java:98)
	at org.junit.internal.runners.MethodRoadie$2.run(MethodRoadie.java:79)
	at org.junit.internal.runners.MethodRoadie.runBeforesThenTestThenAfters(MethodRoadie.java:87)
	at org.junit.internal.runners.MethodRoadie.runTest(MethodRoadie.java:77)
	at org.junit.internal.runners.MethodRoadie.run(MethodRoadie.java:42)
	at org.junit.internal.runners.JUnit4ClassRunner.invokeTestMethod(JUnit4ClassRunner.java:88)
	at org.junit.internal.runners.JUnit4ClassRunner.runMethods(JUnit4ClassRunner.java:51)
	at org.junit.internal.runners.JUnit4ClassRunner$1.run(JUnit4ClassRunner.java:44)
	at org.junit.internal.runners.ClassRoadie.runUnprotected(ClassRoadie.java:27)
	at org.junit.internal.runners.ClassRoadie.runProtected(ClassRoadie.java:37)
	at org.junit.internal.runners.JUnit4ClassRunner.run(JUnit4ClassRunner.java:42)
	at org.apache.maven.surefire.junit4.JUnit4Provider.execute(JUnit4Provider.java:252)
	at org.apache.maven.surefire.junit4.JUnit4Provider.executeTestSet(JUnit4Provider.java:141)
	at org.apache.maven.surefire.junit4.JUnit4Provider.invoke(JUnit4Provider.java:112)
	at sun.reflect.NativeMethodAccessorImpl.invoke0(Native Method)
	at sun.reflect.NativeMethodAccessorImpl.invoke(NativeMethodAccessorImpl.java:57)
	at sun.reflect.DelegatingMethodAccessorImpl.invoke(DelegatingMethodAccessorImpl.java:43)
	at java.lang.reflect.Method.invoke(Method.java:606)
	at org.apache.maven.surefire.util.ReflectionUtils.invokeMethodWithArray(ReflectionUtils.java:189)
	at org.apache.maven.surefire.booter.ProviderFactory$ProviderProxy.invoke(ProviderFactory.java:165)
	at org.apache.maven.surefire.booter.ProviderFactory.invokeProvider(ProviderFactory.java:85)
	at org.apache.maven.surefire.booter.ForkedBooter.runSuitesInProcess(ForkedBooter.java:115)
	at org.apache.maven.surefire.booter.ForkedBooter.main(ForkedBooter.java:75)
</error>
    <system-out>32219 [main] INFO  com.lrajeew.api.Authenticator  - Start Authentication Process
32260 [main] INFO  com.lrajeew.api.Authenticator  - http://dev.mob.vivastream.com/oauth/token?client_secret=supersecret&amp;client_id=vs-client&amp;grant_type=password&amp;username=lahirua@live.com&amp;password=vivastream&amp;
class com.lrajeew.model.AuthenticationResponseVO
33035 [main] ERROR com.lrajeew.api.Authenticator  - Exception occured : Unrecognized field &quot;error&quot; (Class com.lrajeew.model.AuthenticationResponseVO), not marked as ignorable
 at [Source: java.io.StringReader@90244fc; line: 1, column: 11] (through reference chain: com.lrajeew.model.AuthenticationResponseVO[&quot;error&quot;])
</system-out>
  </testcase>
  <testcase time="2.161" classname="com.lrajeew.rest.regression.attendees.AttendeesPutAPITest" name="testFullResponse">
    <error message="Unrecognized field &quot;error&quot; (Class com.lrajeew.model.AuthenticationResponseVO), not marked as ignorable
 at [Source: java.io.StringReader@384ee98f; line: 1, column: 11] (through reference chain: com.lrajeew.model.AuthenticationResponseVO[&quot;error&quot;])" type="java.io.IOException">java.io.IOException: Unrecognized field &quot;error&quot; (Class com.lrajeew.model.AuthenticationResponseVO), not marked as ignorable
 at [Source: java.io.StringReader@384ee98f; line: 1, column: 11] (through reference chain: com.lrajeew.model.AuthenticationResponseVO[&quot;error&quot;])
	at com.lrajeew.api.Authenticator.userAuthenticate(Authenticator.java:96)
	at com.lrajeew.api.attendee.AttendeesPutAPI.query(AttendeesPutAPI.java:41)
	at com.lrajeew.api.BaseAPI.queryFullResponse(BaseAPI.java:29)
	at com.lrajeew.rest.regression.attendees.AttendeesPutAPITest.testFullResponse(AttendeesPutAPITest.java:69)
	at sun.reflect.NativeMethodAccessorImpl.invoke0(Native Method)
	at sun.reflect.NativeMethodAccessorImpl.invoke(NativeMethodAccessorImpl.java:57)
	at sun.reflect.DelegatingMethodAccessorImpl.invoke(DelegatingMethodAccessorImpl.java:43)
	at java.lang.reflect.Method.invoke(Method.java:606)
	at org.junit.internal.runners.TestMethod.invoke(TestMethod.java:59)
	at org.junit.internal.runners.MethodRoadie.runTestMethod(MethodRoadie.java:98)
	at org.junit.internal.runners.MethodRoadie$2.run(MethodRoadie.java:79)
	at org.junit.internal.runners.MethodRoadie.runBeforesThenTestThenAfters(MethodRoadie.java:87)
	at org.junit.internal.runners.MethodRoadie.runTest(MethodRoadie.java:77)
	at org.junit.internal.runners.MethodRoadie.run(MethodRoadie.java:42)
	at org.junit.internal.runners.JUnit4ClassRunner.invokeTestMethod(JUnit4ClassRunner.java:88)
	at org.junit.internal.runners.JUnit4ClassRunner.runMethods(JUnit4ClassRunner.java:51)
	at org.junit.internal.runners.JUnit4ClassRunner$1.run(JUnit4ClassRunner.java:44)
	at org.junit.internal.runners.ClassRoadie.runUnprotected(ClassRoadie.java:27)
	at org.junit.internal.runners.ClassRoadie.runProtected(ClassRoadie.java:37)
	at org.junit.internal.runners.JUnit4ClassRunner.run(JUnit4ClassRunner.java:42)
	at org.apache.maven.surefire.junit4.JUnit4Provider.execute(JUnit4Provider.java:252)
	at org.apache.maven.surefire.junit4.JUnit4Provider.executeTestSet(JUnit4Provider.java:141)
	at org.apache.maven.surefire.junit4.JUnit4Provider.invoke(JUnit4Provider.java:112)
	at sun.reflect.NativeMethodAccessorImpl.invoke0(Native Method)
	at sun.reflect.NativeMethodAccessorImpl.invoke(NativeMethodAccessorImpl.java:57)
	at sun.reflect.DelegatingMethodAccessorImpl.invoke(DelegatingMethodAccessorImpl.java:43)
	at java.lang.reflect.Method.invoke(Method.java:606)
	at org.apache.maven.surefire.util.ReflectionUtils.invokeMethodWithArray(ReflectionUtils.java:189)
	at org.apache.maven.surefire.booter.ProviderFactory$ProviderProxy.invoke(ProviderFactory.java:165)
	at org.apache.maven.surefire.booter.ProviderFactory.invokeProvider(ProviderFactory.java:85)
	at org.apache.maven.surefire.booter.ForkedBooter.runSuitesInProcess(ForkedBooter.java:115)
	at org.apache.maven.surefire.booter.ForkedBooter.main(ForkedBooter.java:75)
</error>
    <system-out>33039 [main] INFO  com.lrajeew.api.Authenticator  - Start Authentication Process
33066 [main] INFO  com.lrajeew.api.Authenticator  - http://dev.mob.vivastream.com/oauth/token?client_secret=supersecret&amp;client_id=vs-client&amp;grant_type=password&amp;username=lahirua@live.com&amp;password=vivastream&amp;
class com.lrajeew.model.AuthenticationResponseVO
35186 [main] ERROR com.lrajeew.api.Authenticator  - Exception occured : Unrecognized field &quot;error&quot; (Class com.lrajeew.model.AuthenticationResponseVO), not marked as ignorable
 at [Source: java.io.StringReader@384ee98f; line: 1, column: 11] (through reference chain: com.lrajeew.model.AuthenticationResponseVO[&quot;error&quot;])
</system-out>
  </testcase>
</testsuite>